2026-01-29 11:42:40 - Update Order #15 to confirmed - Result: {"message":"Order status updated."}
2026-01-29 11:45:36 - ATTEMPT Direct Update Order #16 to confirmed
2026-01-29 11:45:36 - SUCCESS Direct Update
2026-01-29 11:50:06 - ATTEMPT Direct Update Order #17 to confirmed
2026-01-29 11:50:06 - SUCCESS Direct Update
2026-01-29 11:53:51 - ATTEMPT Direct Update Order #18 to confirmed
2026-01-29 11:53:51 - SUCCESS Direct Update
2026-01-29 11:57:47 - ATTEMPT Direct Update Order #18 to confirmed
2026-01-29 11:57:47 - SUCCESS Direct Update
2026-01-29 12:01:23 - ATTEMPT Direct Update Order #18 to confirmed
2026-01-29 12:01:23 - SUCCESS Direct Update
2026-01-29 12:01:27 - ATTEMPT Direct Update Order #18 to shipping
2026-01-29 12:01:27 - SUCCESS Direct Update
2026-01-29 12:01:46 - ATTEMPT Direct Update Order #18 to completed
2026-01-29 12:01:46 - SUCCESS Direct Update
2026-01-29 12:01:50 - ATTEMPT Direct Update Order #17 to confirmed
2026-01-29 12:01:50 - SUCCESS Direct Update
2026-01-29 12:01:54 - ATTEMPT Direct Update Order #16 to confirmed
2026-01-29 12:01:54 - SUCCESS Direct Update
2026-01-29 12:01:57 - ATTEMPT Direct Update Order #16 to shipping
2026-01-29 12:01:57 - SUCCESS Direct Update
